minimální cesta:  19
0  0  1  1  0  
0  0  1  0  1  
1  1  0  0  0  
1  0  0  0  1  
0  1  0  1  0  

minimální cesta:  291
0  0  0  0  0  0  0  0  0  0  1  0  1  0  0  
0  0  0  0  0  0  0  0  0  0  0  0  1  0  1  
0  0  0  0  0  0  1  0  0  0  0  1  0  0  0  
0  0  0  0  0  1  0  0  0  0  1  0  0  0  0  
0  0  0  0  0  0  1  0  1  0  0  0  0  0  0  
0  0  0  1  0  0  0  1  0  0  0  0  0  0  0  
0  0  1  0  1  0  0  0  0  0  0  0  0  0  0  
0  0  0  0  0  1  0  0  0  1  0  0  0  0  0  
0  0  0  0  1  0  0  0  0  0  0  0  0  0  1  
0  0  0  0  0  0  0  1  0  0  0  0  0  1  0  
1  0  0  1  0  0  0  0  0  0  0  0  0  0  0  
0  0  1  0  0  0  0  0  0  0  0  0  0  1  0  
1  1  0  0  0  0  0  0  0  0  0  0  0  0  0  
0  0  0  0  0  0  0  0  0  1  0  1  0  0  0  
0  1  0  0  0  0  0  0  1  0  0  0  0  0  0  

minimální cesta:  2085
0  0  0  1  0  0  0  0  0  0  0  0  0  0  0  1  0  
0  0  0  0  1  0  0  0  0  1  0  0  0  0  0  0  0  
0  0  0  0  0  0  0  0  0  0  1  0  0  0  1  0  0  
1  0  0  0  0  0  0  0  0  0  0  0  1  0  0  0  0  
0  1  0  0  0  0  0  0  1  0  0  0  0  0  0  0  0  
0  0  0  0  0  0  0  1  0  0  0  0  0  0  0  0  1  
0  0  0  0  0  0  0  1  0  0  0  0  1  0  0  0  0  
0  0  0  0  0  1  1  0  0  0  0  0  0  0  0  0  0  
0  0  0  0  1  0  0  0  0  0  0  1  0  0  0  0  0  
0  1  0  0  0  0  0  0  0  0  1  0  0  0  0  0  0  
0  0  1  0  0  0  0  0  0  1  0  0  0  0  0  0  0  
0  0  0  0  0  0  0  0  1  0  0  0  0  0  0  1  0  
0  0  0  1  0  0  1  0  0  0  0  0  0  0  0  0  0  
0  0  0  0  0  0  0  0  0  0  0  0  0  0  1  0  1  
0  0  1  0  0  0  0  0  0  0  0  0  0  1  0  0  0  
1  0  0  0  0  0  0  0  0  0  0  1  0  0  0  0  0  
0  0  0  0  0  1  0  0  0  0  0  0  0  1  0  0  0
