FIVE
----
minimal tour:  19
0  0  1  1  0  
0  0  1  0  1  
1  1  0  0  0  
1  0  0  0  1  
0  1  0  1  0  

P01
---
minimal tour:  291
0  0  0  0  0  0  0  0  0  0  1  0  1  0  0  
0  0  0  0  0  0  0  0  0  0  0  0  1  0  1  
0  0  0  0  0  0  1  0  0  0  0  1  0  0  0  
0  0  0  0  0  1  0  0  0  0  1  0  0  0  0  
0  0  0  0  0  0  1  0  1  0  0  0  0  0  0  
0  0  0  1  0  0  0  1  0  0  0  0  0  0  0  
0  0  1  0  1  0  0  0  0  0  0  0  0  0  0  
0  0  0  0  0  1  0  0  0  1  0  0  0  0  0  
0  0  0  0  1  0  0  0  0  0  0  0  0  0  1  
0  0  0  0  0  0  0  1  0  0  0  0  0  1  0  
1  0  0  1  0  0  0  0  0  0  0  0  0  0  0  
0  0  1  0  0  0  0  0  0  0  0  0  0  1  0  
1  1  0  0  0  0  0  0  0  0  0  0  0  0  0  
0  0  0  0  0  0  0  0  0  1  0  1  0  0  0  
0  1  0  0  0  0  0  0  1  0  0  0  0  0  0  

GR17
----
minimal tour:  2085
0  0  0  1  0  0  0  0  0  0  0  0  0  0  0  1  0  
0  0  0  0  1  0  0  0  0  1  0  0  0  0  0  0  0  
0  0  0  0  0  0  0  0  0  0  1  0  0  0  1  0  0  
1  0  0  0  0  0  0  0  0  0  0  0  1  0  0  0  0  
0  1  0  0  0  0  0  0  1  0  0  0  0  0  0  0  0  
0  0  0  0  0  0  0  1  0  0  0  0  0  0  0  0  1  
0  0  0  0  0  0  0  1  0  0  0  0  1  0  0  0  0  
0  0  0  0  0  1  1  0  0  0  0  0  0  0  0  0  0  
0  0  0  0  1  0  0  0  0  0  0  1  0  0  0  0  0  
0  1  0  0  0  0  0  0  0  0  1  0  0  0  0  0  0  
0  0  1  0  0  0  0  0  0  1  0  0  0  0  0  0  0  
0  0  0  0  0  0  0  0  1  0  0  0  0  0  0  1  0  
0  0  0  1  0  0  1  0  0  0  0  0  0  0  0  0  0  
0  0  0  0  0  0  0  0  0  0  0  0  0  0  1  0  1  
0  0  1  0  0  0  0  0  0  0  0  0  0  1  0  0  0  
1  0  0  0  0  0  0  0  0  0  0  1  0  0  0  0  0  
0  0  0  0  0  1  0  0  0  0  0  0  0  1  0  0  0  

